Traceback (most recent call last):
  File "/usr/local/bin/pilsimulator", line 8, in <module>
    sys.exit(main())
  File "/usr/local/lib/python3.8/site-packages/peppercornenumerator/pilsimulator.py", line 156, in main
    integrate = get_integrator(filename)
  File "/usr/local/lib/python3.8/site-packages/crnsimulator/solver.py", line 38, in get_integrator
    return getattr(mod, function)
AttributeError: module 'my_loader' has no attribute 'integrate'
Traceback (most recent call last):
  File "/usr/local/bin/pilsimulator", line 8, in <module>
    sys.exit(main())
  File "/usr/local/lib/python3.8/site-packages/peppercornenumerator/pilsimulator.py", line 156, in main
    integrate = get_integrator(filename)
  File "/usr/local/lib/python3.8/site-packages/crnsimulator/solver.py", line 38, in get_integrator
    return getattr(mod, function)
AttributeError: module 'my_loader' has no attribute 'integrate'
Traceback (most recent call last):
  File "/usr/local/bin/pilsimulator", line 8, in <module>
    sys.exit(main())
  File "/usr/local/lib/python3.8/site-packages/peppercornenumerator/pilsimulator.py", line 156, in main
    integrate = get_integrator(filename)
  File "/usr/local/lib/python3.8/site-packages/crnsimulator/solver.py", line 34, in get_integrator
    loader.exec_module(mod)
  File "<frozen importlib._bootstrap_external>", line 839, in exec_module
  File "<frozen importlib._bootstrap_external>", line 976, in get_code
  File "<frozen importlib._bootstrap_external>", line 906, in source_to_code
  File "<frozen importlib._bootstrap>", line 219, in _call_with_frames_removed
  File "odesystem.py", line 1124
    integrate(args, setlogger = True)
    ^
IndentationError: unexpected indent
Traceback (most recent call last):
  File "/usr/local/bin/pilsimulator", line 8, in <module>
    sys.exit(main())
  File "/usr/local/lib/python3.8/site-packages/peppercornenumerator/pilsimulator.py", line 156, in main
    integrate = get_integrator(filename)
  File "/usr/local/lib/python3.8/site-packages/crnsimulator/solver.py", line 34, in get_integrator
    loader.exec_module(mod)
  File "<frozen importlib._bootstrap_external>", line 839, in exec_module
  File "<frozen importlib._bootstrap_external>", line 976, in get_code
  File "<frozen importlib._bootstrap_external>", line 906, in source_to_code
  File "<frozen importlib._bootstrap>", line 219, in _call_with_frames_removed
  File "odesystem.py", line 1124
    integrate(args, setlogger = True)
    ^
IndentationError: unexpected indent
Traceback (most recent call last):
  File "/usr/local/bin/pilsimulator", line 8, in <module>
    sys.exit(main())
  File "/usr/local/lib/python3.8/site-packages/peppercornenumerator/pilsimulator.py", line 98, in main
    const.append(False if species[s][0][0] == 'i' else True)
KeyError: 'HelperCCk'
Traceback (most recent call last):
  File "/usr/local/bin/pilsimulator", line 8, in <module>
    sys.exit(main())
  File "/usr/local/lib/python3.8/site-packages/peppercornenumerator/pilsimulator.py", line 98, in main
    const.append(False if species[s][0][0] == 'i' else True)
KeyError: 'HelperCCk'
Traceback (most recent call last):
  File "/usr/local/bin/pilsimulator", line 8, in <module>
    sys.exit(main())
  File "/usr/local/lib/python3.8/site-packages/peppercornenumerator/pilsimulator.py", line 98, in main
    const.append(False if species[s][0][0] == 'i' else True)
KeyError: 'HelperCCk'
Traceback (most recent call last):
  File "/usr/local/bin/pilsimulator", line 8, in <module>
    sys.exit(main())
  File "/usr/local/lib/python3.8/site-packages/peppercornenumerator/pilsimulator.py", line 98, in main
    const.append(False if species[s][0][0] == 'i' else True)
KeyError: 'HelperCCk'
Traceback (most recent call last):
  File "/usr/local/bin/pilsimulator", line 8, in <module>
    sys.exit(main())
  File "/usr/local/lib/python3.8/site-packages/peppercornenumerator/pilsimulator.py", line 98, in main
    const.append(False if species[s][0][0] == 'i' else True)
KeyError: 'HelperCCk'
Traceback (most recent call last):
  File "/usr/local/bin/pilsimulator", line 8, in <module>
    sys.exit(main())
  File "/usr/local/lib/python3.8/site-packages/peppercornenumerator/pilsimulator.py", line 98, in main
    const.append(False if species[s][0][0] == 'i' else True)
KeyError: 'HelperCCk'
Traceback (most recent call last):
  File "/usr/local/bin/pilsimulator", line 8, in <module>
    sys.exit(main())
  File "/usr/local/lib/python3.8/site-packages/peppercornenumerator/pilsimulator.py", line 98, in main
    const.append(False if species[s][0][0] == 'i' else True)
KeyError: 'HelperCCk'
Traceback (most recent call last):
  File "/usr/local/bin/pilsimulator", line 8, in <module>
    sys.exit(main())
  File "/usr/local/lib/python3.8/site-packages/peppercornenumerator/pilsimulator.py", line 98, in main
    const.append(False if species[s][0][0] == 'i' else True)
KeyError: 'HelperCCk'
Traceback (most recent call last):
  File "/usr/local/bin/pilsimulator", line 8, in <module>
    sys.exit(main())
  File "/usr/local/lib/python3.8/site-packages/peppercornenumerator/pilsimulator.py", line 98, in main
    const.append(False if species[s][0][0] == 'i' else True)
KeyError: 'HelperCCk'
Traceback (most recent call last):
  File "/usr/local/bin/pilsimulator", line 8, in <module>
    sys.exit(main())
  File "/usr/local/lib/python3.8/site-packages/peppercornenumerator/pilsimulator.py", line 98, in main
    const.append(False if species[s][0][0] == 'i' else True)
KeyError: 'HelperCCk'
Traceback (most recent call last):
  File "/usr/local/bin/pilsimulator", line 8, in <module>
    sys.exit(main())
  File "/usr/local/lib/python3.8/site-packages/peppercornenumerator/pilsimulator.py", line 98, in main
    const.append(False if species[s][0][0] == 'i' else True)
KeyError: 'HelperCCk'
Traceback (most recent call last):
  File "/usr/local/bin/pilsimulator", line 8, in <module>
    sys.exit(main())
  File "/usr/local/lib/python3.8/site-packages/peppercornenumerator/pilsimulator.py", line 98, in main
    const.append(False if species[s][0][0] == 'i' else True)
KeyError: 'HelperCCk'
Traceback (most recent call last):
  File "/usr/local/bin/pilsimulator", line 8, in <module>
    sys.exit(main())
  File "/usr/local/lib/python3.8/site-packages/peppercornenumerator/pilsimulator.py", line 98, in main
    const.append(False if species[s][0][0] == 'i' else True)
KeyError: 'HelperCCk'
Traceback (most recent call last):
  File "/usr/local/bin/pilsimulator", line 8, in <module>
    sys.exit(main())
  File "/usr/local/lib/python3.8/site-packages/peppercornenumerator/pilsimulator.py", line 98, in main
    const.append(False if species[s][0][0] == 'i' else True)
KeyError: 'HelperCCk'
Traceback (most recent call last):
  File "/usr/local/bin/pilsimulator", line 8, in <module>
    sys.exit(main())
  File "/usr/local/lib/python3.8/site-packages/peppercornenumerator/pilsimulator.py", line 98, in main
    const.append(False if species[s][0][0] == 'i' else True)
KeyError: 'HelperCCk'
Traceback (most recent call last):
  File "/usr/local/bin/pilsimulator", line 8, in <module>
    sys.exit(main())
  File "/usr/local/lib/python3.8/site-packages/peppercornenumerator/pilsimulator.py", line 98, in main
    const.append(False if species[s][0][0] == 'i' else True)
KeyError: 'HelperCCk'
Traceback (most recent call last):
  File "/usr/local/bin/pilsimulator", line 8, in <module>
    sys.exit(main())
  File "/usr/local/lib/python3.8/site-packages/peppercornenumerator/pilsimulator.py", line 98, in main
    const.append(False if species[s][0][0] == 'i' else True)
KeyError: 'HelperCCk'
Traceback (most recent call last):
  File "/usr/local/bin/pilsimulator", line 8, in <module>
    sys.exit(main())
  File "/usr/local/lib/python3.8/site-packages/peppercornenumerator/pilsimulator.py", line 98, in main
    const.append(False if species[s][0][0] == 'i' else True)
KeyError: 'HelperCCk'
Traceback (most recent call last):
  File "/usr/local/bin/pilsimulator", line 8, in <module>
    sys.exit(main())
  File "/usr/local/lib/python3.8/site-packages/peppercornenumerator/pilsimulator.py", line 98, in main
    const.append(False if species[s][0][0] == 'i' else True)
KeyError: 'HelperCCk'
Traceback (most recent call last):
  File "/usr/local/bin/pilsimulator", line 8, in <module>
    sys.exit(main())
  File "/usr/local/lib/python3.8/site-packages/peppercornenumerator/pilsimulator.py", line 98, in main
    const.append(False if species[s][0][0] == 'i' else True)
KeyError: 'HelperCCk'
Traceback (most recent call last):
  File "/usr/local/bin/pilsimulator", line 8, in <module>
    sys.exit(main())
  File "/usr/local/lib/python3.8/site-packages/peppercornenumerator/pilsimulator.py", line 98, in main
    const.append(False if species[s][0][0] == 'i' else True)
KeyError: 'HelperCCk'
Traceback (most recent call last):
  File "/usr/local/bin/pilsimulator", line 8, in <module>
    sys.exit(main())
  File "/usr/local/lib/python3.8/site-packages/peppercornenumerator/pilsimulator.py", line 98, in main
    const.append(False if species[s][0][0] == 'i' else True)
KeyError: 'HelperCCk'
Traceback (most recent call last):
  File "/usr/local/bin/pilsimulator", line 8, in <module>
    sys.exit(main())
  File "/usr/local/lib/python3.8/site-packages/peppercornenumerator/pilsimulator.py", line 98, in main
    const.append(False if species[s][0][0] == 'i' else True)
KeyError: 'HelperCCk'
Traceback (most recent call last):
  File "/usr/local/bin/pilsimulator", line 8, in <module>
    sys.exit(main())
  File "/usr/local/lib/python3.8/site-packages/peppercornenumerator/pilsimulator.py", line 98, in main
    const.append(False if species[s][0][0] == 'i' else True)
KeyError: 'HelperCCk'
Traceback (most recent call last):
  File "/usr/local/bin/pilsimulator", line 8, in <module>
    sys.exit(main())
  File "/usr/local/lib/python3.8/site-packages/peppercornenumerator/pilsimulator.py", line 98, in main
    const.append(False if species[s][0][0] == 'i' else True)
KeyError: 'HelperCCk'
Traceback (most recent call last):
  File "/usr/local/bin/pilsimulator", line 8, in <module>
    sys.exit(main())
  File "/usr/local/lib/python3.8/site-packages/peppercornenumerator/pilsimulator.py", line 98, in main
    const.append(False if species[s][0][0] == 'i' else True)
KeyError: 'HelperCCk'
Traceback (most recent call last):
  File "/usr/local/bin/pilsimulator", line 8, in <module>
    sys.exit(main())
  File "/usr/local/lib/python3.8/site-packages/peppercornenumerator/pilsimulator.py", line 98, in main
    const.append(False if species[s][0][0] == 'i' else True)
KeyError: 'HelperCCk'
Traceback (most recent call last):
  File "/usr/local/bin/pilsimulator", line 8, in <module>
    sys.exit(main())
  File "/usr/local/lib/python3.8/site-packages/peppercornenumerator/pilsimulator.py", line 98, in main
    const.append(False if species[s][0][0] == 'i' else True)
KeyError: 'HelperCCk'
Traceback (most recent call last):
  File "/usr/local/bin/pilsimulator", line 8, in <module>
    sys.exit(main())
  File "/usr/local/lib/python3.8/site-packages/peppercornenumerator/pilsimulator.py", line 98, in main
    const.append(False if species[s][0][0] == 'i' else True)
KeyError: 'HelperCCk'
Traceback (most recent call last):
  File "/usr/local/bin/pilsimulator", line 8, in <module>
    sys.exit(main())
  File "/usr/local/lib/python3.8/site-packages/peppercornenumerator/pilsimulator.py", line 98, in main
    const.append(False if species[s][0][0] == 'i' else True)
KeyError: 'HelperCCk'
2023-11-13 00:25:39.525 Python[58791:69030507] *** CFMessagePort: bootstrap_register(): failed 1100 (0x44c) 'Permission denied', port = 0xb80f, name = 'org.python.python.ServiceProvider'
See /usr/include/servers/bootstrap_defs.h for the error codes.
2023-11-13 00:25:39.525 Python[58696:69029957] *** CFMessagePort: bootstrap_register(): failed 1100 (0x44c) 'Permission denied', port = 0xb30f, name = 'org.python.python.ServiceProvider'
See /usr/include/servers/bootstrap_defs.h for the error codes.
Traceback (most recent call last):
  File "/usr/local/bin/pilsimulator", line 8, in <module>
    sys.exit(main())
  File "/usr/local/lib/python3.8/site-packages/peppercornenumerator/pilsimulator.py", line 98, in main
    const.append(False if species[s][0][0] == 'i' else True)
KeyError: 'Ck'
Traceback (most recent call last):
  File "/usr/local/bin/pilsimulator", line 8, in <module>
    sys.exit(main())
  File "/usr/local/lib/python3.8/site-packages/peppercornenumerator/pilsimulator.py", line 98, in main
    const.append(False if species[s][0][0] == 'i' else True)
KeyError: 'Ck'
Traceback (most recent call last):
  File "/usr/local/bin/pilsimulator", line 8, in <module>
    sys.exit(main())
  File "/usr/local/lib/python3.8/site-packages/peppercornenumerator/pilsimulator.py", line 98, in main
    const.append(False if species[s][0][0] == 'i' else True)
KeyError: 'Ck'
Traceback (most recent call last):
  File "/usr/local/bin/pilsimulator", line 8, in <module>
    sys.exit(main())
  File "/usr/local/lib/python3.8/site-packages/peppercornenumerator/pilsimulator.py", line 98, in main
    const.append(False if species[s][0][0] == 'i' else True)
KeyError: 'Ck'
Traceback (most recent call last):
  File "/usr/local/bin/pilsimulator", line 8, in <module>
    sys.exit(main())
  File "/usr/local/lib/python3.8/site-packages/peppercornenumerator/pilsimulator.py", line 98, in main
    const.append(False if species[s][0][0] == 'i' else True)
KeyError: 'Ck'
Traceback (most recent call last):
  File "/usr/local/bin/pilsimulator", line 8, in <module>
    sys.exit(main())
  File "/usr/local/lib/python3.8/site-packages/peppercornenumerator/pilsimulator.py", line 98, in main
    const.append(False if species[s][0][0] == 'i' else True)
KeyError: 'Ck'
Traceback (most recent call last):
  File "/usr/local/bin/pilsimulator", line 8, in <module>
    sys.exit(main())
  File "/usr/local/lib/python3.8/site-packages/peppercornenumerator/pilsimulator.py", line 98, in main
    const.append(False if species[s][0][0] == 'i' else True)
KeyError: 'Ck'
Traceback (most recent call last):
  File "/usr/local/bin/pilsimulator", line 8, in <module>
    sys.exit(main())
  File "/usr/local/lib/python3.8/site-packages/peppercornenumerator/pilsimulator.py", line 98, in main
    const.append(False if species[s][0][0] == 'i' else True)
KeyError: 'Ck'
Traceback (most recent call last):
  File "/usr/local/bin/pilsimulator", line 8, in <module>
    sys.exit(main())
  File "/usr/local/lib/python3.8/site-packages/peppercornenumerator/pilsimulator.py", line 98, in main
    const.append(False if species[s][0][0] == 'i' else True)
KeyError: 'Ck'
Traceback (most recent call last):
  File "/usr/local/bin/pilsimulator", line 8, in <module>
    sys.exit(main())
  File "/usr/local/lib/python3.8/site-packages/peppercornenumerator/pilsimulator.py", line 98, in main
    const.append(False if species[s][0][0] == 'i' else True)
KeyError: 'Ck'
Traceback (most recent call last):
  File "/usr/local/bin/pilsimulator", line 8, in <module>
    sys.exit(main())
  File "/usr/local/lib/python3.8/site-packages/peppercornenumerator/pilsimulator.py", line 98, in main
    const.append(False if species[s][0][0] == 'i' else True)
KeyError: 'Ck'
Traceback (most recent call last):
  File "/usr/local/bin/pilsimulator", line 8, in <module>
    sys.exit(main())
  File "/usr/local/lib/python3.8/site-packages/peppercornenumerator/pilsimulator.py", line 98, in main
    const.append(False if species[s][0][0] == 'i' else True)
KeyError: 'Ck'
Traceback (most recent call last):
  File "/usr/local/bin/pilsimulator", line 8, in <module>
    sys.exit(main())
  File "/usr/local/lib/python3.8/site-packages/peppercornenumerator/pilsimulator.py", line 98, in main
    const.append(False if species[s][0][0] == 'i' else True)
KeyError: 'Ck'
Traceback (most recent call last):
  File "/usr/local/bin/pilsimulator", line 8, in <module>
    sys.exit(main())
  File "/usr/local/lib/python3.8/site-packages/peppercornenumerator/pilsimulator.py", line 98, in main
    const.append(False if species[s][0][0] == 'i' else True)
KeyError: 'Ck'
Traceback (most recent call last):
  File "/usr/local/bin/pilsimulator", line 8, in <module>
    sys.exit(main())
  File "/usr/local/lib/python3.8/site-packages/peppercornenumerator/pilsimulator.py", line 98, in main
    const.append(False if species[s][0][0] == 'i' else True)
KeyError: 'Ck'
Traceback (most recent call last):
  File "/usr/local/bin/pilsimulator", line 8, in <module>
    sys.exit(main())
  File "/usr/local/lib/python3.8/site-packages/peppercornenumerator/pilsimulator.py", line 98, in main
    const.append(False if species[s][0][0] == 'i' else True)
KeyError: 'Ck'
Traceback (most recent call last):
  File "/usr/local/bin/pilsimulator", line 8, in <module>
    sys.exit(main())
  File "/usr/local/lib/python3.8/site-packages/peppercornenumerator/pilsimulator.py", line 98, in main
    const.append(False if species[s][0][0] == 'i' else True)
KeyError: 'Ck'
Traceback (most recent call last):
  File "/usr/local/bin/pilsimulator", line 8, in <module>
    sys.exit(main())
  File "/usr/local/lib/python3.8/site-packages/peppercornenumerator/pilsimulator.py", line 98, in main
    const.append(False if species[s][0][0] == 'i' else True)
KeyError: 'Ck'
Traceback (most recent call last):
  File "/usr/local/bin/pilsimulator", line 8, in <module>
    sys.exit(main())
  File "/usr/local/lib/python3.8/site-packages/peppercornenumerator/pilsimulator.py", line 98, in main
    const.append(False if species[s][0][0] == 'i' else True)
KeyError: 'Ck'
Traceback (most recent call last):
  File "/usr/local/bin/pilsimulator", line 8, in <module>
    sys.exit(main())
  File "/usr/local/lib/python3.8/site-packages/peppercornenumerator/pilsimulator.py", line 98, in main
    const.append(False if species[s][0][0] == 'i' else True)
KeyError: 'Ck'
Traceback (most recent call last):
  File "/usr/local/bin/pilsimulator", line 8, in <module>
    sys.exit(main())
  File "/usr/local/lib/python3.8/site-packages/peppercornenumerator/pilsimulator.py", line 98, in main
    const.append(False if species[s][0][0] == 'i' else True)
KeyError: 'Ck'
Traceback (most recent call last):
  File "/usr/local/bin/pilsimulator", line 8, in <module>
    sys.exit(main())
  File "/usr/local/lib/python3.8/site-packages/peppercornenumerator/pilsimulator.py", line 98, in main
    const.append(False if species[s][0][0] == 'i' else True)
KeyError: 'Ck'
Traceback (most recent call last):
  File "/usr/local/bin/pilsimulator", line 8, in <module>
    sys.exit(main())
  File "/usr/local/lib/python3.8/site-packages/peppercornenumerator/pilsimulator.py", line 98, in main
    const.append(False if species[s][0][0] == 'i' else True)
KeyError: 'Ck'
Traceback (most recent call last):
  File "/usr/local/bin/pilsimulator", line 8, in <module>
    sys.exit(main())
  File "/usr/local/lib/python3.8/site-packages/peppercornenumerator/pilsimulator.py", line 98, in main
    const.append(False if species[s][0][0] == 'i' else True)
KeyError: 'Ck'
Traceback (most recent call last):
  File "/usr/local/bin/pilsimulator", line 8, in <module>
    sys.exit(main())
  File "/usr/local/lib/python3.8/site-packages/peppercornenumerator/pilsimulator.py", line 98, in main
    const.append(False if species[s][0][0] == 'i' else True)
KeyError: 'Ck'
Traceback (most recent call last):
  File "/usr/local/bin/pilsimulator", line 8, in <module>
    sys.exit(main())
  File "/usr/local/lib/python3.8/site-packages/peppercornenumerator/pilsimulator.py", line 98, in main
    const.append(False if species[s][0][0] == 'i' else True)
KeyError: 'Ck'
Traceback (most recent call last):
  File "/usr/local/bin/pilsimulator", line 8, in <module>
    sys.exit(main())
  File "/usr/local/lib/python3.8/site-packages/peppercornenumerator/pilsimulator.py", line 98, in main
    const.append(False if species[s][0][0] == 'i' else True)
KeyError: 'Ck'
Traceback (most recent call last):
  File "/usr/local/bin/pilsimulator", line 8, in <module>
    sys.exit(main())
  File "/usr/local/lib/python3.8/site-packages/peppercornenumerator/pilsimulator.py", line 98, in main
    const.append(False if species[s][0][0] == 'i' else True)
KeyError: 'Ck'
Traceback (most recent call last):
  File "/usr/local/bin/pilsimulator", line 8, in <module>
    sys.exit(main())
  File "/usr/local/lib/python3.8/site-packages/peppercornenumerator/pilsimulator.py", line 98, in main
    const.append(False if species[s][0][0] == 'i' else True)
KeyError: 'Ck'
Traceback (most recent call last):
  File "/usr/local/bin/pilsimulator", line 8, in <module>
    sys.exit(main())
  File "/usr/local/lib/python3.8/site-packages/peppercornenumerator/pilsimulator.py", line 98, in main
    const.append(False if species[s][0][0] == 'i' else True)
KeyError: 'Ck'
Traceback (most recent call last):
  File "/usr/local/bin/pilsimulator", line 8, in <module>
    sys.exit(main())
  File "/usr/local/lib/python3.8/site-packages/peppercornenumerator/pilsimulator.py", line 98, in main
    const.append(False if species[s][0][0] == 'i' else True)
KeyError: 'Ck'
Traceback (most recent call last):
  File "/usr/local/bin/pilsimulator", line 8, in <module>
    sys.exit(main())
  File "/usr/local/lib/python3.8/site-packages/peppercornenumerator/pilsimulator.py", line 98, in main
    const.append(False if species[s][0][0] == 'i' else True)
KeyError: 'Ck'
Traceback (most recent call last):
  File "/usr/local/bin/pilsimulator", line 8, in <module>
    sys.exit(main())
  File "/usr/local/lib/python3.8/site-packages/peppercornenumerator/pilsimulator.py", line 98, in main
    const.append(False if species[s][0][0] == 'i' else True)
KeyError: 'Ck'
Traceback (most recent call last):
  File "/usr/local/bin/pilsimulator", line 8, in <module>
    sys.exit(main())
  File "/usr/local/lib/python3.8/site-packages/peppercornenumerator/pilsimulator.py", line 98, in main
    const.append(False if species[s][0][0] == 'i' else True)
KeyError: 'Ck'
Traceback (most recent call last):
  File "/usr/local/bin/pilsimulator", line 8, in <module>
    sys.exit(main())
  File "/usr/local/lib/python3.8/site-packages/peppercornenumerator/pilsimulator.py", line 98, in main
    const.append(False if species[s][0][0] == 'i' else True)
KeyError: 'Ck'
Traceback (most recent call last):
  File "/usr/local/bin/pilsimulator", line 8, in <module>
    sys.exit(main())
  File "/usr/local/lib/python3.8/site-packages/peppercornenumerator/pilsimulator.py", line 98, in main
    const.append(False if species[s][0][0] == 'i' else True)
KeyError: 'Ck'
Traceback (most recent call last):
  File "/usr/local/bin/pilsimulator", line 8, in <module>
    sys.exit(main())
  File "/usr/local/lib/python3.8/site-packages/peppercornenumerator/pilsimulator.py", line 156, in main
    integrate = get_integrator(filename)
  File "/usr/local/lib/python3.8/site-packages/crnsimulator/solver.py", line 34, in get_integrator
    loader.exec_module(mod)
  File "<frozen importlib._bootstrap_external>", line 839, in exec_module
  File "<frozen importlib._bootstrap_external>", line 976, in get_code
  File "<frozen importlib._bootstrap_external>", line 906, in source_to_code
  File "<frozen importlib._bootstrap>", line 219, in _call_with_frames_removed
  File "odesystem.py", line 851
    )
    ^
SyntaxError: unmatched ')'
Traceback (most recent call last):
  File "/usr/local/bin/pilsimulator", line 8, in <module>
    sys.exit(main())
  File "/usr/local/lib/python3.8/site-packages/peppercornenumerator/pilsimulator.py", line 156, in main
    integrate = get_integrator(filename)
  File "/usr/local/lib/python3.8/site-packages/crnsimulator/solver.py", line 34, in get_integrator
    loader.exec_module(mod)
  File "<frozen importlib._bootstrap_external>", line 839, in exec_module
  File "<frozen importlib._bootstrap_external>", line 976, in get_code
  File "<frozen importlib._bootstrap_external>", line 906, in source_to_code
  File "<frozen importlib._bootstrap>", line 219, in _call_with_frames_removed
  File "odesystem.py", line 852
    help="Specify a filename to plot the ODE simulation.")
    ^
IndentationError: unexpected indent
Traceback (most recent call last):
  File "/usr/local/bin/pilsimulator", line 8, in <module>
    sys.exit(main())
  File "/usr/local/lib/python3.8/site-packages/peppercornenumerator/pilsimulator.py", line 156, in main
    integrate = get_integrator(filename)
  File "/usr/local/lib/python3.8/site-packages/crnsimulator/solver.py", line 34, in get_integrator
    loader.exec_module(mod)
  File "<frozen importlib._bootstrap_external>", line 839, in exec_module
  File "<frozen importlib._bootstrap_external>", line 976, in get_code
  File "<frozen importlib._bootstrap_external>", line 906, in source_to_code
  File "<frozen importlib._bootstrap>", line 219, in _call_with_frames_removed
  File "odesystem.py", line 852
    default=None, metavar='<flt>',
                                 ^
IndentationError: unindent does not match any outer indentation level
2023-11-25 19:03:20.739 Python[29233:4504580] *** CFMessagePort: bootstrap_register(): failed 1100 (0x44c) 'Permission denied', port = 0x14c07, name = 'org.python.python.ServiceProvider'
See /usr/include/servers/bootstrap_defs.h for the error codes.
2023-11-25 19:03:40.217 Python[29307:4505450] *** CFMessagePort: bootstrap_register(): failed 1100 (0x44c) 'Permission denied', port = 0x14b07, name = 'org.python.python.ServiceProvider'
See /usr/include/servers/bootstrap_defs.h for the error codes.
Traceback (most recent call last):
  File "/usr/local/bin/pilsimulator", line 8, in <module>
    sys.exit(main())
  File "/usr/local/lib/python3.8/site-packages/peppercornenumerator/pilsimulator.py", line 156, in main
    integrate = get_integrator(filename)
  File "/usr/local/lib/python3.8/site-packages/crnsimulator/solver.py", line 38, in get_integrator
    return getattr(mod, function)
AttributeError: module 'my_loader' has no attribute 'integrate'
2023-11-25 19:07:48.611 Python[29476:4508740] *** CFMessagePort: bootstrap_register(): failed 1100 (0x44c) 'Permission denied', port = 0x14e07, name = 'org.python.python.ServiceProvider'
See /usr/include/servers/bootstrap_defs.h for the error codes.
2023-11-25 19:07:48.611 Python[29480:4508754] *** CFMessagePort: bootstrap_register(): failed 1100 (0x44c) 'Permission denied', port = 0x14e07, name = 'org.python.python.ServiceProvider'
See /usr/include/servers/bootstrap_defs.h for the error codes.
2023-11-25 19:10:47.208 Python[29634:4511756] *** CFMessagePort: bootstrap_register(): failed 1100 (0x44c) 'Permission denied', port = 0xb207, name = 'org.python.python.ServiceProvider'
See /usr/include/servers/bootstrap_defs.h for the error codes.
2023-11-25 19:11:01.417 Python[29702:4512402] *** CFMessagePort: bootstrap_register(): failed 1100 (0x44c) 'Permission denied', port = 0xb407, name = 'org.python.python.ServiceProvider'
See /usr/include/servers/bootstrap_defs.h for the error codes.
2023-11-25 19:11:01.417 Python[29705:4512407] *** CFMessagePort: bootstrap_register(): failed 1100 (0x44c) 'Permission denied', port = 0x14707, name = 'org.python.python.ServiceProvider'
See /usr/include/servers/bootstrap_defs.h for the error codes.
2023-11-25 19:11:28.427 Python[29765:4513231] *** CFMessagePort: bootstrap_register(): failed 1100 (0x44c) 'Permission denied', port = 0x14c07, name = 'org.python.python.ServiceProvider'
See /usr/include/servers/bootstrap_defs.h for the error codes.
2023-11-25 19:14:25.468 Python[29984:4516775] *** CFMessagePort: bootstrap_register(): failed 1100 (0x44c) 'Permission denied', port = 0x14b07, name = 'org.python.python.ServiceProvider'
See /usr/include/servers/bootstrap_defs.h for the error codes.
2023-11-25 19:14:59.119 Python[30060:4517871] *** CFMessagePort: bootstrap_register(): failed 1100 (0x44c) 'Permission denied', port = 0x14d07, name = 'org.python.python.ServiceProvider'
See /usr/include/servers/bootstrap_defs.h for the error codes.
cat: /Users/rajiv/Desktop/PhD/towardsCatalyticCRNs/peppercorn/biamp_compress/pert/0/orig_shadow_nocancel_enum.pil: No such file or directory
cat: /Users/rajiv/Desktop/PhD/towardsCatalyticCRNs/peppercorn/biamp_compress/pert/0/orig_shadow_cancel_enum.pil: No such file or directory
cat: /Users/rajiv/Desktop/PhD/towardsCatalyticCRNs/peppercorn/biamp_compress/pert/0/orig_shadow_pert_nocancel_enum.pil: No such file or directory
cat: /Users/rajiv/Desktop/PhD/towardsCatalyticCRNs/peppercorn/biamp_compress/pert/0/orig_shadow_pert_cancel_enum.pil: No such file or directory
cat: /Users/rajiv/Desktop/PhD/towardsCatalyticCRNs/peppercorn/biamp_compress/pert/0/orig_shadow_pert_nocancel_zeroconc_enum.pil: No such file or directory
cat: /Users/rajiv/Desktop/PhD/towardsCatalyticCRNs/peppercorn/biamp_compress/pert/0/orig_shadow_pert_cancel_zeroconc_enum.pil: No such file or directory
Traceback (most recent call last):
  File "/usr/local/bin/pilsimulator", line 8, in <module>
    sys.exit(main())
  File "/usr/local/lib/python3.8/site-packages/peppercornenumerator/pilsimulator.py", line 82, in main
    crn, species = load_pil_crn(input_crn)
  File "/usr/local/lib/python3.8/site-packages/peppercornenumerator/input.py", line 53, in load_pil_crn
    parsed_file = parse_pil_string(data)
  File "/usr/local/lib/python3.8/site-packages/dsdobjects/dsdparser/pil_parser.py", line 103, in parse_pil_string
    return document.parseString(data).asList()
  File "/usr/local/lib/python3.8/site-packages/pyparsing/core.py", line 1141, in parse_string
    raise exc.with_traceback(None)
pyparsing.exceptions.ParseException: Expected {Group:({Suppress:('sequence') Combine:({W:(-0-9A-Z_a-z) ['*']}) Suppress:({'=' | ':'}) W:(A-Za-z) [Suppress:({'=' | ':'}) W:(0-9)] {Suppress:(LineEnd)}...}) | Group:({Suppress:('length') Combine:({W:(-0-9A-Z_a-z) ['*']}) Suppress:({'=' | ':'}) {W:(0-9) | 'short' | 'long'} {Suppress:(LineEnd)}...}) | Group:({Suppress:('domain') Combine:({W:(-0-9A-Z_a-z) ['*']}) Suppress:({'=' | ':'}) {W:(0-9) | 'short' | 'long'} {Suppress:(LineEnd)}...}) | Group:({Suppress:('sequence') Combine:({W:(-0-9A-Z_a-z) ['*']}) Suppress:({'=' | ':'}) {W:(0-9) | 'short' | 'long'} {Suppress:(LineEnd)}...}) | Group:({Suppress:('sup-sequence') W:(-0-9A-Z_a-z) Suppress:({'=' | ':'}) Group:({Combine:({W:(-0-9A-Z_a-z) ['*']})}...) [Suppress:({'=' | ':'}) W:(0-9)] {Suppress:(LineEnd)}...}) | Group:({Suppress:('strand') W:(-0-9A-Z_a-z) Suppress:({'=' | ':'}) Group:({Combine:({W:(-0-9A-Z_a-z) ['*']})}...) [Suppress:({'=' | ':'}) W:(0-9)] {Suppress:(LineEnd)}...}) | Group:({Suppress:('complex') W:(-0-9A-Z_a-z) Suppress:({'=' | ':'}) [Suppress:(LineEnd)] Group:({Combine:({W:(-0-9A-Z_a-z) ['*']})}...) [Suppress:(LineEnd)] W:( ()+.) {Suppress:(LineEnd)}...}) | Group:({Suppress:('structure') W:(-0-9A-Z_a-z) Suppress:({'=' | ':'}) Group:({{Combine:({W:(-0-9A-Z_a-z) ['*']}) | Suppress:('+')}}...) Suppress:({'=' | ':'}) W:( ()+.) {Suppress:(LineEnd)}...}) | Group:({Suppress:('kinetic') Group:([Suppress:('[') Group:([W:(-0-9A-Z_a-z) Suppress:({'=' | ':'})]) Group:({{Combine:({W:(0-9) ['.' W:(0-9)] 'e' ['-' | '+'] W:(0-9)}) | Combine:({W:(0-9) ['.' W:(0-9)]})} [Suppress:('+/-') {Combine:({W:(0-9) ['.' W:(0-9)] 'e' ['-' | '+'] W:(0-9)}) | Combine:({W:(0-9) ['.' W:(0-9)]}) | 'inf'}]}) Group:(Combine:({[{'/' {'M' | 'mM' | 'uM' | 'nM' | 'pM'}}]... '/' {'s' | 'm' | 'h'}})) Suppress:(']')]) Group:(W:(-0-9A-Z_a-z) [+ W:(-0-9A-Z_a-z)]...) Suppress:('->') Group:(W:(-0-9A-Z_a-z) [+ W:(-0-9A-Z_a-z)]...) {Suppress:(LineEnd)}...}) | Group:({Suppress:('reaction') Group:([Suppress:('[') Group:([W:(-0-9A-Z_a-z) Suppress:({'=' | ':'})]) Group:({{Combine:({W:(0-9) ['.' W:(0-9)] 'e' ['-' | '+'] W:(0-9)}) | Combine:({W:(0-9) ['.' W:(0-9)]})} [Suppress:('+/-') {Combine:({W:(0-9) ['.' W:(0-9)] 'e' ['-' | '+'] W:(0-9)}) | Combine:({W:(0-9) ['.' W:(0-9)]}) | 'inf'}]}) Group:(Combine:({[{'/' {'M' | 'mM' | 'uM' | 'nM' | 'pM'}}]... '/' {'s' | 'm' | 'h'}})) Suppress:(']')]) Group:(W:(-0-9A-Z_a-z) [+ W:(-0-9A-Z_a-z)]...) Suppress:('->') Group:(W:(-0-9A-Z_a-z) [+ W:(-0-9A-Z_a-z)]...) {Suppress:(LineEnd)}...}) | Group:({W:(-0-9A-Z_a-z) Suppress:('=') {Group:(Forward: {{{{{Combine:({Combine:({W:(-0-9A-Z_a-z) ['^'] ['*']}) Suppress:('(')}) Group:([: ... | Suppress:(<SP><TAB><CR><LF>)])} Suppress:(')')} | '+'} | Combine:({{W:(-0-9A-Z_a-z) ['^']} ['*']})}}...)}... [Group:({Suppress:('@') {'initial' | 'i'} {Combine:({W:(0-9) ['.' W:(0-9)] 'e' ['-' | '+'] W:(0-9)}) | Combine:({W:(0-9) ['.' W:(0-9)]})} {'M' | 'mM' | 'uM' | 'nM' | 'pM'}}) | Group:({Suppress:('@') {'constant' | 'c'} {Combine:({W:(0-9) ['.' W:(0-9)] 'e' ['-' | '+'] W:(0-9)}) | Combine:({W:(0-9) ['.' W:(0-9)]})} {'M' | 'mM' | 'uM' | 'nM' | 'pM'}})] {Suppress:(LineEnd)}...}) | Group:({Suppress:('state') W:(-0-9A-Z_a-z) Suppress:('=') Suppress:('[') Group:(W:(-0-9A-Z_a-z) [, W:(-0-9A-Z_a-z)]...) Suppress:(']') {Suppress:(LineEnd)}...}) | Group:({Suppress:('macrostate') W:(-0-9A-Z_a-z) Suppress:('=') Suppress:('[') Group:(W:(-0-9A-Z_a-z) [, W:(-0-9A-Z_a-z)]...) Suppress:(']') {Suppress:(LineEnd)}...})}  (at char 1), (line:1, col:2)
Traceback (most recent call last):
  File "/usr/local/bin/pilsimulator", line 8, in <module>
    sys.exit(main())
  File "/usr/local/lib/python3.8/site-packages/peppercornenumerator/pilsimulator.py", line 82, in main
    crn, species = load_pil_crn(input_crn)
  File "/usr/local/lib/python3.8/site-packages/peppercornenumerator/input.py", line 53, in load_pil_crn
    parsed_file = parse_pil_string(data)
  File "/usr/local/lib/python3.8/site-packages/dsdobjects/dsdparser/pil_parser.py", line 103, in parse_pil_string
    return document.parseString(data).asList()
  File "/usr/local/lib/python3.8/site-packages/pyparsing/core.py", line 1141, in parse_string
    raise exc.with_traceback(None)
pyparsing.exceptions.ParseException: Expected {Group:({Suppress:('sequence') Combine:({W:(-0-9A-Z_a-z) ['*']}) Suppress:({'=' | ':'}) W:(A-Za-z) [Suppress:({'=' | ':'}) W:(0-9)] {Suppress:(LineEnd)}...}) | Group:({Suppress:('length') Combine:({W:(-0-9A-Z_a-z) ['*']}) Suppress:({'=' | ':'}) {W:(0-9) | 'short' | 'long'} {Suppress:(LineEnd)}...}) | Group:({Suppress:('domain') Combine:({W:(-0-9A-Z_a-z) ['*']}) Suppress:({'=' | ':'}) {W:(0-9) | 'short' | 'long'} {Suppress:(LineEnd)}...}) | Group:({Suppress:('sequence') Combine:({W:(-0-9A-Z_a-z) ['*']}) Suppress:({'=' | ':'}) {W:(0-9) | 'short' | 'long'} {Suppress:(LineEnd)}...}) | Group:({Suppress:('sup-sequence') W:(-0-9A-Z_a-z) Suppress:({'=' | ':'}) Group:({Combine:({W:(-0-9A-Z_a-z) ['*']})}...) [Suppress:({'=' | ':'}) W:(0-9)] {Suppress:(LineEnd)}...}) | Group:({Suppress:('strand') W:(-0-9A-Z_a-z) Suppress:({'=' | ':'}) Group:({Combine:({W:(-0-9A-Z_a-z) ['*']})}...) [Suppress:({'=' | ':'}) W:(0-9)] {Suppress:(LineEnd)}...}) | Group:({Suppress:('complex') W:(-0-9A-Z_a-z) Suppress:({'=' | ':'}) [Suppress:(LineEnd)] Group:({Combine:({W:(-0-9A-Z_a-z) ['*']})}...) [Suppress:(LineEnd)] W:( ()+.) {Suppress:(LineEnd)}...}) | Group:({Suppress:('structure') W:(-0-9A-Z_a-z) Suppress:({'=' | ':'}) Group:({{Combine:({W:(-0-9A-Z_a-z) ['*']}) | Suppress:('+')}}...) Suppress:({'=' | ':'}) W:( ()+.) {Suppress:(LineEnd)}...}) | Group:({Suppress:('kinetic') Group:([Suppress:('[') Group:([W:(-0-9A-Z_a-z) Suppress:({'=' | ':'})]) Group:({{Combine:({W:(0-9) ['.' W:(0-9)] 'e' ['-' | '+'] W:(0-9)}) | Combine:({W:(0-9) ['.' W:(0-9)]})} [Suppress:('+/-') {Combine:({W:(0-9) ['.' W:(0-9)] 'e' ['-' | '+'] W:(0-9)}) | Combine:({W:(0-9) ['.' W:(0-9)]}) | 'inf'}]}) Group:(Combine:({[{'/' {'M' | 'mM' | 'uM' | 'nM' | 'pM'}}]... '/' {'s' | 'm' | 'h'}})) Suppress:(']')]) Group:(W:(-0-9A-Z_a-z) [+ W:(-0-9A-Z_a-z)]...) Suppress:('->') Group:(W:(-0-9A-Z_a-z) [+ W:(-0-9A-Z_a-z)]...) {Suppress:(LineEnd)}...}) | Group:({Suppress:('reaction') Group:([Suppress:('[') Group:([W:(-0-9A-Z_a-z) Suppress:({'=' | ':'})]) Group:({{Combine:({W:(0-9) ['.' W:(0-9)] 'e' ['-' | '+'] W:(0-9)}) | Combine:({W:(0-9) ['.' W:(0-9)]})} [Suppress:('+/-') {Combine:({W:(0-9) ['.' W:(0-9)] 'e' ['-' | '+'] W:(0-9)}) | Combine:({W:(0-9) ['.' W:(0-9)]}) | 'inf'}]}) Group:(Combine:({[{'/' {'M' | 'mM' | 'uM' | 'nM' | 'pM'}}]... '/' {'s' | 'm' | 'h'}})) Suppress:(']')]) Group:(W:(-0-9A-Z_a-z) [+ W:(-0-9A-Z_a-z)]...) Suppress:('->') Group:(W:(-0-9A-Z_a-z) [+ W:(-0-9A-Z_a-z)]...) {Suppress:(LineEnd)}...}) | Group:({W:(-0-9A-Z_a-z) Suppress:('=') {Group:(Forward: {{{{{Combine:({Combine:({W:(-0-9A-Z_a-z) ['^'] ['*']}) Suppress:('(')}) Group:([: ... | Suppress:(<SP><TAB><CR><LF>)])} Suppress:(')')} | '+'} | Combine:({{W:(-0-9A-Z_a-z) ['^']} ['*']})}}...)}... [Group:({Suppress:('@') {'initial' | 'i'} {Combine:({W:(0-9) ['.' W:(0-9)] 'e' ['-' | '+'] W:(0-9)}) | Combine:({W:(0-9) ['.' W:(0-9)]})} {'M' | 'mM' | 'uM' | 'nM' | 'pM'}}) | Group:({Suppress:('@') {'constant' | 'c'} {Combine:({W:(0-9) ['.' W:(0-9)] 'e' ['-' | '+'] W:(0-9)}) | Combine:({W:(0-9) ['.' W:(0-9)]})} {'M' | 'mM' | 'uM' | 'nM' | 'pM'}})] {Suppress:(LineEnd)}...}) | Group:({Suppress:('state') W:(-0-9A-Z_a-z) Suppress:('=') Suppress:('[') Group:(W:(-0-9A-Z_a-z) [, W:(-0-9A-Z_a-z)]...) Suppress:(']') {Suppress:(LineEnd)}...}) | Group:({Suppress:('macrostate') W:(-0-9A-Z_a-z) Suppress:('=') Suppress:('[') Group:(W:(-0-9A-Z_a-z) [, W:(-0-9A-Z_a-z)]...) Suppress:(']') {Suppress:(LineEnd)}...})}  (at char 1), (line:1, col:2)
Traceback (most recent call last):
  File "/usr/local/bin/pilsimulator", line 8, in <module>
    sys.exit(main())
  File "/usr/local/lib/python3.8/site-packages/peppercornenumerator/pilsimulator.py", line 82, in main
    crn, species = load_pil_crn(input_crn)
  File "/usr/local/lib/python3.8/site-packages/peppercornenumerator/input.py", line 53, in load_pil_crn
    parsed_file = parse_pil_string(data)
  File "/usr/local/lib/python3.8/site-packages/dsdobjects/dsdparser/pil_parser.py", line 103, in parse_pil_string
    return document.parseString(data).asList()
  File "/usr/local/lib/python3.8/site-packages/pyparsing/core.py", line 1141, in parse_string
    raise exc.with_traceback(None)
pyparsing.exceptions.ParseException: Expected {Group:({Suppress:('sequence') Combine:({W:(-0-9A-Z_a-z) ['*']}) Suppress:({'=' | ':'}) W:(A-Za-z) [Suppress:({'=' | ':'}) W:(0-9)] {Suppress:(LineEnd)}...}) | Group:({Suppress:('length') Combine:({W:(-0-9A-Z_a-z) ['*']}) Suppress:({'=' | ':'}) {W:(0-9) | 'short' | 'long'} {Suppress:(LineEnd)}...}) | Group:({Suppress:('domain') Combine:({W:(-0-9A-Z_a-z) ['*']}) Suppress:({'=' | ':'}) {W:(0-9) | 'short' | 'long'} {Suppress:(LineEnd)}...}) | Group:({Suppress:('sequence') Combine:({W:(-0-9A-Z_a-z) ['*']}) Suppress:({'=' | ':'}) {W:(0-9) | 'short' | 'long'} {Suppress:(LineEnd)}...}) | Group:({Suppress:('sup-sequence') W:(-0-9A-Z_a-z) Suppress:({'=' | ':'}) Group:({Combine:({W:(-0-9A-Z_a-z) ['*']})}...) [Suppress:({'=' | ':'}) W:(0-9)] {Suppress:(LineEnd)}...}) | Group:({Suppress:('strand') W:(-0-9A-Z_a-z) Suppress:({'=' | ':'}) Group:({Combine:({W:(-0-9A-Z_a-z) ['*']})}...) [Suppress:({'=' | ':'}) W:(0-9)] {Suppress:(LineEnd)}...}) | Group:({Suppress:('complex') W:(-0-9A-Z_a-z) Suppress:({'=' | ':'}) [Suppress:(LineEnd)] Group:({Combine:({W:(-0-9A-Z_a-z) ['*']})}...) [Suppress:(LineEnd)] W:( ()+.) {Suppress:(LineEnd)}...}) | Group:({Suppress:('structure') W:(-0-9A-Z_a-z) Suppress:({'=' | ':'}) Group:({{Combine:({W:(-0-9A-Z_a-z) ['*']}) | Suppress:('+')}}...) Suppress:({'=' | ':'}) W:( ()+.) {Suppress:(LineEnd)}...}) | Group:({Suppress:('kinetic') Group:([Suppress:('[') Group:([W:(-0-9A-Z_a-z) Suppress:({'=' | ':'})]) Group:({{Combine:({W:(0-9) ['.' W:(0-9)] 'e' ['-' | '+'] W:(0-9)}) | Combine:({W:(0-9) ['.' W:(0-9)]})} [Suppress:('+/-') {Combine:({W:(0-9) ['.' W:(0-9)] 'e' ['-' | '+'] W:(0-9)}) | Combine:({W:(0-9) ['.' W:(0-9)]}) | 'inf'}]}) Group:(Combine:({[{'/' {'M' | 'mM' | 'uM' | 'nM' | 'pM'}}]... '/' {'s' | 'm' | 'h'}})) Suppress:(']')]) Group:(W:(-0-9A-Z_a-z) [+ W:(-0-9A-Z_a-z)]...) Suppress:('->') Group:(W:(-0-9A-Z_a-z) [+ W:(-0-9A-Z_a-z)]...) {Suppress:(LineEnd)}...}) | Group:({Suppress:('reaction') Group:([Suppress:('[') Group:([W:(-0-9A-Z_a-z) Suppress:({'=' | ':'})]) Group:({{Combine:({W:(0-9) ['.' W:(0-9)] 'e' ['-' | '+'] W:(0-9)}) | Combine:({W:(0-9) ['.' W:(0-9)]})} [Suppress:('+/-') {Combine:({W:(0-9) ['.' W:(0-9)] 'e' ['-' | '+'] W:(0-9)}) | Combine:({W:(0-9) ['.' W:(0-9)]}) | 'inf'}]}) Group:(Combine:({[{'/' {'M' | 'mM' | 'uM' | 'nM' | 'pM'}}]... '/' {'s' | 'm' | 'h'}})) Suppress:(']')]) Group:(W:(-0-9A-Z_a-z) [+ W:(-0-9A-Z_a-z)]...) Suppress:('->') Group:(W:(-0-9A-Z_a-z) [+ W:(-0-9A-Z_a-z)]...) {Suppress:(LineEnd)}...}) | Group:({W:(-0-9A-Z_a-z) Suppress:('=') {Group:(Forward: {{{{{Combine:({Combine:({W:(-0-9A-Z_a-z) ['^'] ['*']}) Suppress:('(')}) Group:([: ... | Suppress:(<SP><TAB><CR><LF>)])} Suppress:(')')} | '+'} | Combine:({{W:(-0-9A-Z_a-z) ['^']} ['*']})}}...)}... [Group:({Suppress:('@') {'initial' | 'i'} {Combine:({W:(0-9) ['.' W:(0-9)] 'e' ['-' | '+'] W:(0-9)}) | Combine:({W:(0-9) ['.' W:(0-9)]})} {'M' | 'mM' | 'uM' | 'nM' | 'pM'}}) | Group:({Suppress:('@') {'constant' | 'c'} {Combine:({W:(0-9) ['.' W:(0-9)] 'e' ['-' | '+'] W:(0-9)}) | Combine:({W:(0-9) ['.' W:(0-9)]})} {'M' | 'mM' | 'uM' | 'nM' | 'pM'}})] {Suppress:(LineEnd)}...}) | Group:({Suppress:('state') W:(-0-9A-Z_a-z) Suppress:('=') Suppress:('[') Group:(W:(-0-9A-Z_a-z) [, W:(-0-9A-Z_a-z)]...) Suppress:(']') {Suppress:(LineEnd)}...}) | Group:({Suppress:('macrostate') W:(-0-9A-Z_a-z) Suppress:('=') Suppress:('[') Group:(W:(-0-9A-Z_a-z) [, W:(-0-9A-Z_a-z)]...) Suppress:(']') {Suppress:(LineEnd)}...})}  (at char 1), (line:1, col:2)
Traceback (most recent call last):
  File "/usr/local/bin/pilsimulator", line 8, in <module>
    sys.exit(main())
  File "/usr/local/lib/python3.8/site-packages/peppercornenumerator/pilsimulator.py", line 82, in main
    crn, species = load_pil_crn(input_crn)
  File "/usr/local/lib/python3.8/site-packages/peppercornenumerator/input.py", line 53, in load_pil_crn
    parsed_file = parse_pil_string(data)
  File "/usr/local/lib/python3.8/site-packages/dsdobjects/dsdparser/pil_parser.py", line 103, in parse_pil_string
    return document.parseString(data).asList()
  File "/usr/local/lib/python3.8/site-packages/pyparsing/core.py", line 1141, in parse_string
    raise exc.with_traceback(None)
pyparsing.exceptions.ParseException: Expected {Group:({Suppress:('sequence') Combine:({W:(-0-9A-Z_a-z) ['*']}) Suppress:({'=' | ':'}) W:(A-Za-z) [Suppress:({'=' | ':'}) W:(0-9)] {Suppress:(LineEnd)}...}) | Group:({Suppress:('length') Combine:({W:(-0-9A-Z_a-z) ['*']}) Suppress:({'=' | ':'}) {W:(0-9) | 'short' | 'long'} {Suppress:(LineEnd)}...}) | Group:({Suppress:('domain') Combine:({W:(-0-9A-Z_a-z) ['*']}) Suppress:({'=' | ':'}) {W:(0-9) | 'short' | 'long'} {Suppress:(LineEnd)}...}) | Group:({Suppress:('sequence') Combine:({W:(-0-9A-Z_a-z) ['*']}) Suppress:({'=' | ':'}) {W:(0-9) | 'short' | 'long'} {Suppress:(LineEnd)}...}) | Group:({Suppress:('sup-sequence') W:(-0-9A-Z_a-z) Suppress:({'=' | ':'}) Group:({Combine:({W:(-0-9A-Z_a-z) ['*']})}...) [Suppress:({'=' | ':'}) W:(0-9)] {Suppress:(LineEnd)}...}) | Group:({Suppress:('strand') W:(-0-9A-Z_a-z) Suppress:({'=' | ':'}) Group:({Combine:({W:(-0-9A-Z_a-z) ['*']})}...) [Suppress:({'=' | ':'}) W:(0-9)] {Suppress:(LineEnd)}...}) | Group:({Suppress:('complex') W:(-0-9A-Z_a-z) Suppress:({'=' | ':'}) [Suppress:(LineEnd)] Group:({Combine:({W:(-0-9A-Z_a-z) ['*']})}...) [Suppress:(LineEnd)] W:( ()+.) {Suppress:(LineEnd)}...}) | Group:({Suppress:('structure') W:(-0-9A-Z_a-z) Suppress:({'=' | ':'}) Group:({{Combine:({W:(-0-9A-Z_a-z) ['*']}) | Suppress:('+')}}...) Suppress:({'=' | ':'}) W:( ()+.) {Suppress:(LineEnd)}...}) | Group:({Suppress:('kinetic') Group:([Suppress:('[') Group:([W:(-0-9A-Z_a-z) Suppress:({'=' | ':'})]) Group:({{Combine:({W:(0-9) ['.' W:(0-9)] 'e' ['-' | '+'] W:(0-9)}) | Combine:({W:(0-9) ['.' W:(0-9)]})} [Suppress:('+/-') {Combine:({W:(0-9) ['.' W:(0-9)] 'e' ['-' | '+'] W:(0-9)}) | Combine:({W:(0-9) ['.' W:(0-9)]}) | 'inf'}]}) Group:(Combine:({[{'/' {'M' | 'mM' | 'uM' | 'nM' | 'pM'}}]... '/' {'s' | 'm' | 'h'}})) Suppress:(']')]) Group:(W:(-0-9A-Z_a-z) [+ W:(-0-9A-Z_a-z)]...) Suppress:('->') Group:(W:(-0-9A-Z_a-z) [+ W:(-0-9A-Z_a-z)]...) {Suppress:(LineEnd)}...}) | Group:({Suppress:('reaction') Group:([Suppress:('[') Group:([W:(-0-9A-Z_a-z) Suppress:({'=' | ':'})]) Group:({{Combine:({W:(0-9) ['.' W:(0-9)] 'e' ['-' | '+'] W:(0-9)}) | Combine:({W:(0-9) ['.' W:(0-9)]})} [Suppress:('+/-') {Combine:({W:(0-9) ['.' W:(0-9)] 'e' ['-' | '+'] W:(0-9)}) | Combine:({W:(0-9) ['.' W:(0-9)]}) | 'inf'}]}) Group:(Combine:({[{'/' {'M' | 'mM' | 'uM' | 'nM' | 'pM'}}]... '/' {'s' | 'm' | 'h'}})) Suppress:(']')]) Group:(W:(-0-9A-Z_a-z) [+ W:(-0-9A-Z_a-z)]...) Suppress:('->') Group:(W:(-0-9A-Z_a-z) [+ W:(-0-9A-Z_a-z)]...) {Suppress:(LineEnd)}...}) | Group:({W:(-0-9A-Z_a-z) Suppress:('=') {Group:(Forward: {{{{{Combine:({Combine:({W:(-0-9A-Z_a-z) ['^'] ['*']}) Suppress:('(')}) Group:([: ... | Suppress:(<SP><TAB><CR><LF>)])} Suppress:(')')} | '+'} | Combine:({{W:(-0-9A-Z_a-z) ['^']} ['*']})}}...)}... [Group:({Suppress:('@') {'initial' | 'i'} {Combine:({W:(0-9) ['.' W:(0-9)] 'e' ['-' | '+'] W:(0-9)}) | Combine:({W:(0-9) ['.' W:(0-9)]})} {'M' | 'mM' | 'uM' | 'nM' | 'pM'}}) | Group:({Suppress:('@') {'constant' | 'c'} {Combine:({W:(0-9) ['.' W:(0-9)] 'e' ['-' | '+'] W:(0-9)}) | Combine:({W:(0-9) ['.' W:(0-9)]})} {'M' | 'mM' | 'uM' | 'nM' | 'pM'}})] {Suppress:(LineEnd)}...}) | Group:({Suppress:('state') W:(-0-9A-Z_a-z) Suppress:('=') Suppress:('[') Group:(W:(-0-9A-Z_a-z) [, W:(-0-9A-Z_a-z)]...) Suppress:(']') {Suppress:(LineEnd)}...}) | Group:({Suppress:('macrostate') W:(-0-9A-Z_a-z) Suppress:('=') Suppress:('[') Group:(W:(-0-9A-Z_a-z) [, W:(-0-9A-Z_a-z)]...) Suppress:(']') {Suppress:(LineEnd)}...})}  (at char 1), (line:1, col:2)
Traceback (most recent call last):
  File "/usr/local/bin/pilsimulator", line 8, in <module>
    sys.exit(main())
  File "/usr/local/lib/python3.8/site-packages/peppercornenumerator/pilsimulator.py", line 82, in main
    crn, species = load_pil_crn(input_crn)
  File "/usr/local/lib/python3.8/site-packages/peppercornenumerator/input.py", line 53, in load_pil_crn
    parsed_file = parse_pil_string(data)
  File "/usr/local/lib/python3.8/site-packages/dsdobjects/dsdparser/pil_parser.py", line 103, in parse_pil_string
    return document.parseString(data).asList()
  File "/usr/local/lib/python3.8/site-packages/pyparsing/core.py", line 1141, in parse_string
    raise exc.with_traceback(None)
pyparsing.exceptions.ParseException: Expected {Group:({Suppress:('sequence') Combine:({W:(-0-9A-Z_a-z) ['*']}) Suppress:({'=' | ':'}) W:(A-Za-z) [Suppress:({'=' | ':'}) W:(0-9)] {Suppress:(LineEnd)}...}) | Group:({Suppress:('length') Combine:({W:(-0-9A-Z_a-z) ['*']}) Suppress:({'=' | ':'}) {W:(0-9) | 'short' | 'long'} {Suppress:(LineEnd)}...}) | Group:({Suppress:('domain') Combine:({W:(-0-9A-Z_a-z) ['*']}) Suppress:({'=' | ':'}) {W:(0-9) | 'short' | 'long'} {Suppress:(LineEnd)}...}) | Group:({Suppress:('sequence') Combine:({W:(-0-9A-Z_a-z) ['*']}) Suppress:({'=' | ':'}) {W:(0-9) | 'short' | 'long'} {Suppress:(LineEnd)}...}) | Group:({Suppress:('sup-sequence') W:(-0-9A-Z_a-z) Suppress:({'=' | ':'}) Group:({Combine:({W:(-0-9A-Z_a-z) ['*']})}...) [Suppress:({'=' | ':'}) W:(0-9)] {Suppress:(LineEnd)}...}) | Group:({Suppress:('strand') W:(-0-9A-Z_a-z) Suppress:({'=' | ':'}) Group:({Combine:({W:(-0-9A-Z_a-z) ['*']})}...) [Suppress:({'=' | ':'}) W:(0-9)] {Suppress:(LineEnd)}...}) | Group:({Suppress:('complex') W:(-0-9A-Z_a-z) Suppress:({'=' | ':'}) [Suppress:(LineEnd)] Group:({Combine:({W:(-0-9A-Z_a-z) ['*']})}...) [Suppress:(LineEnd)] W:( ()+.) {Suppress:(LineEnd)}...}) | Group:({Suppress:('structure') W:(-0-9A-Z_a-z) Suppress:({'=' | ':'}) Group:({{Combine:({W:(-0-9A-Z_a-z) ['*']}) | Suppress:('+')}}...) Suppress:({'=' | ':'}) W:( ()+.) {Suppress:(LineEnd)}...}) | Group:({Suppress:('kinetic') Group:([Suppress:('[') Group:([W:(-0-9A-Z_a-z) Suppress:({'=' | ':'})]) Group:({{Combine:({W:(0-9) ['.' W:(0-9)] 'e' ['-' | '+'] W:(0-9)}) | Combine:({W:(0-9) ['.' W:(0-9)]})} [Suppress:('+/-') {Combine:({W:(0-9) ['.' W:(0-9)] 'e' ['-' | '+'] W:(0-9)}) | Combine:({W:(0-9) ['.' W:(0-9)]}) | 'inf'}]}) Group:(Combine:({[{'/' {'M' | 'mM' | 'uM' | 'nM' | 'pM'}}]... '/' {'s' | 'm' | 'h'}})) Suppress:(']')]) Group:(W:(-0-9A-Z_a-z) [+ W:(-0-9A-Z_a-z)]...) Suppress:('->') Group:(W:(-0-9A-Z_a-z) [+ W:(-0-9A-Z_a-z)]...) {Suppress:(LineEnd)}...}) | Group:({Suppress:('reaction') Group:([Suppress:('[') Group:([W:(-0-9A-Z_a-z) Suppress:({'=' | ':'})]) Group:({{Combine:({W:(0-9) ['.' W:(0-9)] 'e' ['-' | '+'] W:(0-9)}) | Combine:({W:(0-9) ['.' W:(0-9)]})} [Suppress:('+/-') {Combine:({W:(0-9) ['.' W:(0-9)] 'e' ['-' | '+'] W:(0-9)}) | Combine:({W:(0-9) ['.' W:(0-9)]}) | 'inf'}]}) Group:(Combine:({[{'/' {'M' | 'mM' | 'uM' | 'nM' | 'pM'}}]... '/' {'s' | 'm' | 'h'}})) Suppress:(']')]) Group:(W:(-0-9A-Z_a-z) [+ W:(-0-9A-Z_a-z)]...) Suppress:('->') Group:(W:(-0-9A-Z_a-z) [+ W:(-0-9A-Z_a-z)]...) {Suppress:(LineEnd)}...}) | Group:({W:(-0-9A-Z_a-z) Suppress:('=') {Group:(Forward: {{{{{Combine:({Combine:({W:(-0-9A-Z_a-z) ['^'] ['*']}) Suppress:('(')}) Group:([: ... | Suppress:(<SP><TAB><CR><LF>)])} Suppress:(')')} | '+'} | Combine:({{W:(-0-9A-Z_a-z) ['^']} ['*']})}}...)}... [Group:({Suppress:('@') {'initial' | 'i'} {Combine:({W:(0-9) ['.' W:(0-9)] 'e' ['-' | '+'] W:(0-9)}) | Combine:({W:(0-9) ['.' W:(0-9)]})} {'M' | 'mM' | 'uM' | 'nM' | 'pM'}}) | Group:({Suppress:('@') {'constant' | 'c'} {Combine:({W:(0-9) ['.' W:(0-9)] 'e' ['-' | '+'] W:(0-9)}) | Combine:({W:(0-9) ['.' W:(0-9)]})} {'M' | 'mM' | 'uM' | 'nM' | 'pM'}})] {Suppress:(LineEnd)}...}) | Group:({Suppress:('state') W:(-0-9A-Z_a-z) Suppress:('=') Suppress:('[') Group:(W:(-0-9A-Z_a-z) [, W:(-0-9A-Z_a-z)]...) Suppress:(']') {Suppress:(LineEnd)}...}) | Group:({Suppress:('macrostate') W:(-0-9A-Z_a-z) Suppress:('=') Suppress:('[') Group:(W:(-0-9A-Z_a-z) [, W:(-0-9A-Z_a-z)]...) Suppress:(']') {Suppress:(LineEnd)}...})}  (at char 1), (line:1, col:2)
Traceback (most recent call last):
  File "/usr/local/bin/pilsimulator", line 8, in <module>
    sys.exit(main())
  File "/usr/local/lib/python3.8/site-packages/peppercornenumerator/pilsimulator.py", line 82, in main
    crn, species = load_pil_crn(input_crn)
  File "/usr/local/lib/python3.8/site-packages/peppercornenumerator/input.py", line 53, in load_pil_crn
    parsed_file = parse_pil_string(data)
  File "/usr/local/lib/python3.8/site-packages/dsdobjects/dsdparser/pil_parser.py", line 103, in parse_pil_string
    return document.parseString(data).asList()
  File "/usr/local/lib/python3.8/site-packages/pyparsing/core.py", line 1141, in parse_string
    raise exc.with_traceback(None)
pyparsing.exceptions.ParseException: Expected {Group:({Suppress:('sequence') Combine:({W:(-0-9A-Z_a-z) ['*']}) Suppress:({'=' | ':'}) W:(A-Za-z) [Suppress:({'=' | ':'}) W:(0-9)] {Suppress:(LineEnd)}...}) | Group:({Suppress:('length') Combine:({W:(-0-9A-Z_a-z) ['*']}) Suppress:({'=' | ':'}) {W:(0-9) | 'short' | 'long'} {Suppress:(LineEnd)}...}) | Group:({Suppress:('domain') Combine:({W:(-0-9A-Z_a-z) ['*']}) Suppress:({'=' | ':'}) {W:(0-9) | 'short' | 'long'} {Suppress:(LineEnd)}...}) | Group:({Suppress:('sequence') Combine:({W:(-0-9A-Z_a-z) ['*']}) Suppress:({'=' | ':'}) {W:(0-9) | 'short' | 'long'} {Suppress:(LineEnd)}...}) | Group:({Suppress:('sup-sequence') W:(-0-9A-Z_a-z) Suppress:({'=' | ':'}) Group:({Combine:({W:(-0-9A-Z_a-z) ['*']})}...) [Suppress:({'=' | ':'}) W:(0-9)] {Suppress:(LineEnd)}...}) | Group:({Suppress:('strand') W:(-0-9A-Z_a-z) Suppress:({'=' | ':'}) Group:({Combine:({W:(-0-9A-Z_a-z) ['*']})}...) [Suppress:({'=' | ':'}) W:(0-9)] {Suppress:(LineEnd)}...}) | Group:({Suppress:('complex') W:(-0-9A-Z_a-z) Suppress:({'=' | ':'}) [Suppress:(LineEnd)] Group:({Combine:({W:(-0-9A-Z_a-z) ['*']})}...) [Suppress:(LineEnd)] W:( ()+.) {Suppress:(LineEnd)}...}) | Group:({Suppress:('structure') W:(-0-9A-Z_a-z) Suppress:({'=' | ':'}) Group:({{Combine:({W:(-0-9A-Z_a-z) ['*']}) | Suppress:('+')}}...) Suppress:({'=' | ':'}) W:( ()+.) {Suppress:(LineEnd)}...}) | Group:({Suppress:('kinetic') Group:([Suppress:('[') Group:([W:(-0-9A-Z_a-z) Suppress:({'=' | ':'})]) Group:({{Combine:({W:(0-9) ['.' W:(0-9)] 'e' ['-' | '+'] W:(0-9)}) | Combine:({W:(0-9) ['.' W:(0-9)]})} [Suppress:('+/-') {Combine:({W:(0-9) ['.' W:(0-9)] 'e' ['-' | '+'] W:(0-9)}) | Combine:({W:(0-9) ['.' W:(0-9)]}) | 'inf'}]}) Group:(Combine:({[{'/' {'M' | 'mM' | 'uM' | 'nM' | 'pM'}}]... '/' {'s' | 'm' | 'h'}})) Suppress:(']')]) Group:(W:(-0-9A-Z_a-z) [+ W:(-0-9A-Z_a-z)]...) Suppress:('->') Group:(W:(-0-9A-Z_a-z) [+ W:(-0-9A-Z_a-z)]...) {Suppress:(LineEnd)}...}) | Group:({Suppress:('reaction') Group:([Suppress:('[') Group:([W:(-0-9A-Z_a-z) Suppress:({'=' | ':'})]) Group:({{Combine:({W:(0-9) ['.' W:(0-9)] 'e' ['-' | '+'] W:(0-9)}) | Combine:({W:(0-9) ['.' W:(0-9)]})} [Suppress:('+/-') {Combine:({W:(0-9) ['.' W:(0-9)] 'e' ['-' | '+'] W:(0-9)}) | Combine:({W:(0-9) ['.' W:(0-9)]}) | 'inf'}]}) Group:(Combine:({[{'/' {'M' | 'mM' | 'uM' | 'nM' | 'pM'}}]... '/' {'s' | 'm' | 'h'}})) Suppress:(']')]) Group:(W:(-0-9A-Z_a-z) [+ W:(-0-9A-Z_a-z)]...) Suppress:('->') Group:(W:(-0-9A-Z_a-z) [+ W:(-0-9A-Z_a-z)]...) {Suppress:(LineEnd)}...}) | Group:({W:(-0-9A-Z_a-z) Suppress:('=') {Group:(Forward: {{{{{Combine:({Combine:({W:(-0-9A-Z_a-z) ['^'] ['*']}) Suppress:('(')}) Group:([: ... | Suppress:(<SP><TAB><CR><LF>)])} Suppress:(')')} | '+'} | Combine:({{W:(-0-9A-Z_a-z) ['^']} ['*']})}}...)}... [Group:({Suppress:('@') {'initial' | 'i'} {Combine:({W:(0-9) ['.' W:(0-9)] 'e' ['-' | '+'] W:(0-9)}) | Combine:({W:(0-9) ['.' W:(0-9)]})} {'M' | 'mM' | 'uM' | 'nM' | 'pM'}}) | Group:({Suppress:('@') {'constant' | 'c'} {Combine:({W:(0-9) ['.' W:(0-9)] 'e' ['-' | '+'] W:(0-9)}) | Combine:({W:(0-9) ['.' W:(0-9)]})} {'M' | 'mM' | 'uM' | 'nM' | 'pM'}})] {Suppress:(LineEnd)}...}) | Group:({Suppress:('state') W:(-0-9A-Z_a-z) Suppress:('=') Suppress:('[') Group:(W:(-0-9A-Z_a-z) [, W:(-0-9A-Z_a-z)]...) Suppress:(']') {Suppress:(LineEnd)}...}) | Group:({Suppress:('macrostate') W:(-0-9A-Z_a-z) Suppress:('=') Suppress:('[') Group:(W:(-0-9A-Z_a-z) [, W:(-0-9A-Z_a-z)]...) Suppress:(']') {Suppress:(LineEnd)}...})}  (at char 1), (line:1, col:2)
2023-11-25 19:34:39.458 Python[30491:4529395] *** CFMessagePort: bootstrap_register(): failed 1100 (0x44c) 'Permission denied', port = 0xb307, name = 'org.python.python.ServiceProvider'
See /usr/include/servers/bootstrap_defs.h for the error codes.
2023-11-25 19:35:07.195 Python[30562:4530292] *** CFMessagePort: bootstrap_register(): failed 1100 (0x44c) 'Permission denied', port = 0x14907, name = 'org.python.python.ServiceProvider'
See /usr/include/servers/bootstrap_defs.h for the error codes.
Traceback (most recent call last):
  File "/usr/local/bin/pilsimulator", line 8, in <module>
    sys.exit(main())
  File "/usr/local/lib/python3.8/site-packages/peppercornenumerator/pilsimulator.py", line 156, in main
    integrate = get_integrator(filename)
  File "/usr/local/lib/python3.8/site-packages/crnsimulator/solver.py", line 34, in get_integrator
    loader.exec_module(mod)
  File "<frozen importlib._bootstrap_external>", line 839, in exec_module
  File "<frozen importlib._bootstrap_external>", line 976, in get_code
  File "<frozen importlib._bootstrap_external>", line 906, in source_to_code
  File "<frozen importlib._bootstrap>", line 219, in _call_with_frames_removed
  File "odesystem.py", line 851
    logger = True)
                 ^
SyntaxError: unmatched ')'
Traceback (most recent call last):
  File "/usr/local/bin/pilsimulator", line 8, in <module>
    sys.exit(main())
  File "/usr/local/lib/python3.8/site-packages/peppercornenumerator/pilsimulator.py", line 156, in main
    integrate = get_integrator(filename)
  File "/usr/local/lib/python3.8/site-packages/crnsimulator/solver.py", line 34, in get_integrator
    loader.exec_module(mod)
  File "<frozen importlib._bootstrap_external>", line 839, in exec_module
  File "<frozen importlib._bootstrap_external>", line 976, in get_code
  File "<frozen importlib._bootstrap_external>", line 906, in source_to_code
  File "<frozen importlib._bootstrap>", line 219, in _call_with_frames_removed
  File "odesystem.py", line 851
    logger = True)
                 ^
SyntaxError: unmatched ')'
2023-11-25 19:42:22.220 Python[30873:4536213] *** CFMessagePort: bootstrap_register(): failed 1100 (0x44c) 'Permission denied', port = 0x14a07, name = 'org.python.python.ServiceProvider'
See /usr/include/servers/bootstrap_defs.h for the error codes.
2023-11-25 19:42:45.596 Python[30932:4536988] *** CFMessagePort: bootstrap_register(): failed 1100 (0x44c) 'Permission denied', port = 0xb207, name = 'org.python.python.ServiceProvider'
See /usr/include/servers/bootstrap_defs.h for the error codes.
2023-11-25 19:42:49.948 Python[30995:4537622] *** CFMessagePort: bootstrap_register(): failed 1100 (0x44c) 'Permission denied', port = 0x14f07, name = 'org.python.python.ServiceProvider'
See /usr/include/servers/bootstrap_defs.h for the error codes.
2023-11-25 19:42:58.988 Python[31049:4538104] *** CFMessagePort: bootstrap_register(): failed 1100 (0x44c) 'Permission denied', port = 0xb60f, name = 'org.python.python.ServiceProvider'
See /usr/include/servers/bootstrap_defs.h for the error codes.
2023-11-25 19:43:23.209 Python[31118:4538968] *** CFMessagePort: bootstrap_register(): failed 1100 (0x44c) 'Permission denied', port = 0xb307, name = 'org.python.python.ServiceProvider'
See /usr/include/servers/bootstrap_defs.h for the error codes.
2023-11-25 19:47:53.616 Python[31422:4544058] *** CFMessagePort: bootstrap_register(): failed 1100 (0x44c) 'Permission denied', port = 0xb30f, name = 'org.python.python.ServiceProvider'
See /usr/include/servers/bootstrap_defs.h for the error codes.
2023-11-25 19:48:39.855 Python[31565:4545940] *** CFMessagePort: bootstrap_register(): failed 1100 (0x44c) 'Permission denied', port = 0x14a13, name = 'org.python.python.ServiceProvider'
See /usr/include/servers/bootstrap_defs.h for the error codes.
